<?xml version="1.0" encoding="UTF-8"?>
<!-- Generated by org.testng.reporters.JUnitReportReporter -->
<testsuite skipped="0" hostname="DESKTOP-5V2L21D" name="sample.mavendemo.Demo2" tests="1" failures="0" timestamp="2023-02-20T16:51:51 IST" time="0.006" errors="0">
  <testcase name="demo2" time="0.006" classname="sample.mavendemo.Demo2"/>
  <system-out/>
</testsuite> <!-- sample.mavendemo.Demo2 -->
