<?xml version="1.0" encoding="UTF-8"?>
<!-- Generated by org.testng.reporters.JUnitReportReporter -->
<testsuite skipped="0" hostname="DESKTOP-5V2L21D" name="sample.mavendemo.Demo1" tests="1" failures="0" timestamp="20 Feb 2023 12:23:41 GMT" time="0.001" errors="0">
  <testcase name="demo1" time="0.001" classname="sample.mavendemo.Demo1"/>
</testsuite> <!-- sample.mavendemo.Demo1 -->
