<?xml version="1.0" encoding="UTF-8"?>
<!-- Generated by org.testng.reporters.JUnitReportReporter -->
<testsuite skipped="0" hostname="DESKTOP-5V2L21D" name="sample.mavendemo.Demo2" tests="1" failures="0" timestamp="20 Feb 2023 12:23:41 GMT" time="0.006" errors="0">
  <testcase name="demo2" time="0.006" classname="sample.mavendemo.Demo2"/>
</testsuite> <!-- sample.mavendemo.Demo2 -->
