<?xml version="1.0" encoding="UTF-8"?>
<!-- Generated by org.testng.reporters.JUnitReportReporter -->
<testsuite skipped="0" hostname="DESKTOP-5V2L21D" name="sample.mavendemo.Demo1" tests="1" failures="0" timestamp="23 Feb 2023 04:28:47 GMT" time="0.000" errors="0">
  <testcase name="demo1" time="0.000" classname="sample.mavendemo.Demo1"/>
</testsuite> <!-- sample.mavendemo.Demo1 -->
